<?xml version="1.0" encoding="UTF-8"?>
<!-- Generated by org.testng.reporters.JUnitReportReporter -->
<testsuite hostname="DESKTOP-4MSVC5H" failures="0" tests="3" name="sel1.CrossBr" time="62.501" errors="0" timestamp="2023-05-30T13:32:37 IST" skipped="0">
  <testcase classname="sel1.CrossBr" name="petStoreTC1" time="20.591"/>
  <testcase classname="sel1.CrossBr" name="petStoreTC1" time="21.822"/>
  <testcase classname="sel1.CrossBr" name="petStoreTC1" time="20.088"/>
</testsuite> <!-- sel1.CrossBr -->
